<?xml version="1.0" encoding="UTF-8"?>
<!-- Generated by org.testng.reporters.JUnitXMLReporter -->
<testsuite ignored="4" hostname="DESKTOP-76RJS0C" failures="0" tests="1" name="Default test" time="137.039" errors="0" timestamp="2024-11-18T12:22:51 IST">
  <testcase classname="org.test.TestClass" name="flipkart" time="136.935"/>
  <testcase classname="org.test.TestClass" name="hotelSearchLocation" time="0.0">
    <ignored/>
  </testcase> <!-- hotelSearchLocation -->
  <testcase classname="org.test.TestClass" name="svg" time="0.0">
    <ignored/>
  </testcase> <!-- svg -->
  <testcase classname="org.test.TestClass" name="hyrWindowSession" time="0.0">
    <ignored/>
  </testcase> <!-- hyrWindowSession -->
  <testcase classname="org.test.TestClass" name="fail" time="0.0">
    <ignored/>
  </testcase> <!-- fail -->
</testsuite> <!-- Default test -->
