<?xml version="1.0" encoding="UTF-8"?>
<testng-results ignored="0" total="1" passed="1" failed="0" skipped="0">
  <reporter-output>
  </reporter-output>
  <suite started-at="2024-11-18T12:20:34 IST" name="Default suite" finished-at="2024-11-18T12:22:51 IST" duration-ms="137039">
    <groups>
    </groups>
    <test started-at="2024-11-18T12:20:34 IST" name="Default test" finished-at="2024-11-18T12:22:51 IST" duration-ms="137039">
      <class name="org.test.TestClass">
        <test-method is-config="true" signature="setUp()[pri:0, instance:org.test.TestClass@4009e306]" started-at="2024-11-18T12:20:31 IST" name="setUp" finished-at="2024-11-18T12:20:34 IST" duration-ms="2622" status="PASS">
          <reporter-output>
          </reporter-output>
        </test-method> <!-- setUp -->
        <test-method is-config="true" signature="beforeMethod(java.lang.reflect.Method)[pri:0, instance:org.test.TestClass@4009e306]" started-at="2024-11-18T12:20:34 IST" name="beforeMethod" finished-at="2024-11-18T12:20:34 IST" duration-ms="10" status="PASS">
          <params>
            <param index="0">
              <value>
                <![CDATA[public void org.test.TestClass.flipkart() throws java.lang.InterruptedException]]>
              </value>
            </param>
          </params>
          <reporter-output>
          </reporter-output>
        </test-method> <!-- beforeMethod -->
        <test-method signature="flipkart()[pri:0, instance:org.test.TestClass@4009e306]" started-at="2024-11-18T12:20:34 IST" name="flipkart" finished-at="2024-11-18T12:22:51 IST" duration-ms="136935" status="PASS">
          <reporter-output>
          </reporter-output>
        </test-method> <!-- flipkart -->
        <test-method is-config="true" signature="afterMethod(org.testng.ITestResult)[pri:0, instance:org.test.TestClass@4009e306]" started-at="2024-11-18T12:22:51 IST" name="afterMethod" finished-at="2024-11-18T12:22:51 IST" duration-ms="13" status="PASS">
          <params>
            <param index="0">
              <value>
                <![CDATA[[TestResult name=flipkart status=SUCCESS method=TestClass.flipkart()[pri:0, instance:org.test.TestClass@4009e306] output={null}]]]>
              </value>
            </param>
          </params>
          <reporter-output>
          </reporter-output>
        </test-method> <!-- afterMethod -->
        <test-method is-config="true" signature="quit()[pri:0, instance:org.test.TestClass@4009e306]" started-at="2024-11-18T12:22:51 IST" name="quit" finished-at="2024-11-18T12:22:52 IST" duration-ms="1313" status="PASS">
          <reporter-output>
          </reporter-output>
        </test-method> <!-- quit -->
      </class> <!-- org.test.TestClass -->
    </test> <!-- Default test -->
  </suite> <!-- Default suite -->
</testng-results>
